<?xml version="1.0" encoding="UTF-8"?>
<!-- Generated by org.testng.reporters.JUnitXMLReporter -->
<testsuite ignored="0" hostname="DESKTOP-460CLSS" failures="0" tests="6" name="Test-1" time="75.809" errors="0" timestamp="2025-01-08T09:23:46 CST">
  <testcase classname="Classwork.iframe" name="f" time="19.143"/>
  <testcase classname="GoogleHomeworks.A" name="A" time="4.818"/>
  <testcase classname="GoogleHomeworks.A" name="B" time="12.241"/>
  <testcase classname="GoogleHomeworks.A" name="C" time="10.804"/>
  <testcase classname="DatePickerPractice.A" name="launchapplication" time="3.387"/>
  <testcase classname="DatePickerPractice.A" name="A" time="5.907"/>
</testsuite> <!-- Test-1 -->
