<?xml version="1.0" encoding="UTF-8"?>
<!-- Generated by org.testng.reporters.JUnitReportReporter -->
<testsuite hostname="DESKTOP-460CLSS" failures="0" tests="3" name="TestNG.Googletestcase" time="4.802" errors="0" timestamp="2024-10-28T15:41:27 CDT" skipped="0">
  <testcase classname="TestNG.Googletestcase" name="Openurl" time="3.872"/>
  <system-out/>
  <testcase classname="TestNG.Googletestcase" name="Checklogo" time="0.101"/>
  <system-out/>
  <testcase classname="TestNG.Googletestcase" name="Logout" time="0.829"/>
  <system-out/>
</testsuite> <!-- TestNG.Googletestcase -->
