<?xml version="1.0" encoding="UTF-8"?>
<!-- Generated by org.testng.reporters.JUnitReportReporter -->
<testsuite hostname="DESKTOP-460CLSS" failures="0" tests="1" name="Homeworks.B1" time="9.550" errors="0" timestamp="2024-11-02T14:41:59 CDT" skipped="0">
  <testcase classname="Homeworks.B1" name="b1" time="9.550"/>
  <system-out/>
</testsuite> <!-- Homeworks.B1 -->
