<?xml version="1.0" encoding="UTF-8"?>
<!-- Generated by org.testng.reporters.JUnitReportReporter -->
<testsuite hostname="DESKTOP-460CLSS" failures="0" tests="3" name="TestNG.Uma" time="4.181" errors="0" timestamp="2024-10-26T12:25:08 CDT" skipped="0">
  <testcase classname="TestNG.Uma" name="openurl" time="3.519"/>
  <system-out/>
  <testcase classname="TestNG.Uma" name="checklogo" time="0.059"/>
  <system-out/>
  <testcase classname="TestNG.Uma" name="close" time="0.603"/>
  <system-out/>
</testsuite> <!-- TestNG.Uma -->
