<?xml version="1.0" encoding="UTF-8"?>
<!-- Generated by org.testng.reporters.JUnitReportReporter -->
<testsuite hostname="DESKTOP-460CLSS" failures="0" tests="3" name="TestNG.Firsttestcase" time="0.028" errors="0" timestamp="2024-10-26T12:39:02 CDT" skipped="0">
  <testcase classname="TestNG.Firsttestcase" name="Openapp" time="0.021"/>
  <system-out/>
  <testcase classname="TestNG.Firsttestcase" name="Login" time="0.004"/>
  <system-out/>
  <testcase classname="TestNG.Firsttestcase" name="Logout" time="0.003"/>
  <system-out/>
</testsuite> <!-- TestNG.Firsttestcase -->
