<?xml version="1.0" encoding="UTF-8"?>
<!-- Generated by org.testng.reporters.JUnitReportReporter -->
<testsuite hostname="DESKTOP-460CLSS" failures="0" tests="3" name="GoogleHomeworks.W" time="44.148" errors="0" timestamp="2024-12-09T18:14:19 CST" skipped="0">
  <testcase classname="GoogleHomeworks.W" name="A" time="11.723"/>
  <system-out/>
  <testcase classname="GoogleHomeworks.W" name="B" time="17.648"/>
  <system-out/>
  <testcase classname="GoogleHomeworks.W" name="C" time="14.777"/>
  <system-out/>
</testsuite> <!-- GoogleHomeworks.W -->
