<?xml version="1.0" encoding="UTF-8"?>
<!-- Generated by org.testng.reporters.JUnitReportReporter -->
<testsuite hostname="DESKTOP-460CLSS" failures="0" tests="3" name="GoogleHomeworks.M" time="33.123" errors="0" timestamp="2025-01-08T08:36:23 CST" skipped="0">
  <testcase classname="GoogleHomeworks.M" name="A" time="7.233"/>
  <system-out/>
  <testcase classname="GoogleHomeworks.M" name="B" time="11.144"/>
  <system-out/>
  <testcase classname="GoogleHomeworks.M" name="C" time="14.746"/>
  <system-out/>
</testsuite> <!-- GoogleHomeworks.M -->
