<?xml version="1.0" encoding="UTF-8"?>
<!-- Generated by org.testng.reporters.JUnitReportReporter -->
<testsuite hostname="DESKTOP-460CLSS" failures="0" tests="1" name="DatePickerPractice.D" time="26.460" errors="0" timestamp="2025-01-08T08:52:04 CST" skipped="0">
  <testcase classname="DatePickerPractice.D" name="A" time="26.460"/>
  <system-out/>
</testsuite> <!-- DatePickerPractice.D -->
