<?xml version="1.0" encoding="UTF-8"?>
<!-- Generated by org.testng.reporters.JUnitReportReporter -->
<testsuite hostname="DESKTOP-460CLSS" failures="0" tests="4" name="TestNG.OrangeHRMtestcase" time="9.367" errors="0" timestamp="2024-10-28T13:49:16 CDT" skipped="0">
  <testcase classname="TestNG.OrangeHRMtestcase" name="Openapp" time="4.643"/>
  <system-out/>
  <testcase classname="TestNG.OrangeHRMtestcase" name="Testlogo" time="3.396"/>
  <system-out/>
  <testcase classname="TestNG.OrangeHRMtestcase" name="Login" time="0.505"/>
  <system-out/>
  <testcase classname="TestNG.OrangeHRMtestcase" name="Logout" time="0.823"/>
  <system-out/>
</testsuite> <!-- TestNG.OrangeHRMtestcase -->
