<?xml version="1.0" encoding="UTF-8"?>
<!-- Generated by org.testng.reporters.JUnitReportReporter -->
<testsuite hostname="DESKTOP-460CLSS" failures="0" tests="1" name="GoogleHomeworks.M" time="13.523" errors="0" timestamp="2024-11-26T13:29:59 CST" skipped="0">
  <testcase classname="GoogleHomeworks.M" name="Validate" time="13.523"/>
  <system-out/>
</testsuite> <!-- GoogleHomeworks.M -->
