<?xml version="1.0" encoding="UTF-8"?>
<!-- Generated by org.testng.reporters.JUnitReportReporter -->
<testsuite hostname="DESKTOP-460CLSS" failures="0" tests="3" name="GoogleHomeworks.H" time="33.108" errors="0" timestamp="2025-01-08T08:36:23 CST" skipped="0">
  <testcase classname="GoogleHomeworks.H" name="A" time="8.232"/>
  <system-out/>
  <testcase classname="GoogleHomeworks.H" name="B" time="10.048"/>
  <system-out/>
  <testcase classname="GoogleHomeworks.H" name="C" time="14.828"/>
  <system-out/>
</testsuite> <!-- GoogleHomeworks.H -->
