<?xml version="1.0" encoding="UTF-8"?>
<!-- Generated by org.testng.reporters.JUnitReportReporter -->
<testsuite hostname="DESKTOP-460CLSS" failures="0" tests="3" name="GoogleHomeworks.Y" time="45.717" errors="0" timestamp="2024-12-12T15:03:01 CST" skipped="0">
  <testcase classname="GoogleHomeworks.Y" name="A" time="12.733"/>
  <system-out/>
  <testcase classname="GoogleHomeworks.Y" name="B" time="17.560"/>
  <system-out/>
  <testcase classname="GoogleHomeworks.Y" name="C" time="15.424"/>
  <system-out/>
</testsuite> <!-- GoogleHomeworks.Y -->
