<?xml version="1.0" encoding="UTF-8"?>
<!-- Generated by org.testng.reporters.JUnitReportReporter -->
<testsuite hostname="DESKTOP-460CLSS" failures="0" tests="3" name="TestNG.Googletestcase" time="9.165" errors="0" timestamp="2024-10-28T13:49:16 CDT" skipped="0">
  <testcase classname="TestNG.Googletestcase" name="Openurl" time="7.967"/>
  <system-out/>
  <testcase classname="TestNG.Googletestcase" name="Checklogo" time="0.112"/>
  <system-out/>
  <testcase classname="TestNG.Googletestcase" name="Logout" time="1.086"/>
  <system-out/>
</testsuite> <!-- TestNG.Googletestcase -->
