<?xml version="1.0" encoding="UTF-8"?>
<!-- Generated by org.testng.reporters.JUnitReportReporter -->
<testsuite hostname="DESKTOP-460CLSS" failures="0" tests="3" name="GoogleHomeworks.A" time="42.157" errors="0" timestamp="2024-12-18T09:33:14 CST" skipped="0">
  <testcase classname="GoogleHomeworks.A" name="A" time="12.480"/>
  <system-out/>
  <testcase classname="GoogleHomeworks.A" name="B" time="12.774"/>
  <system-out/>
  <testcase classname="GoogleHomeworks.A" name="C" time="16.903"/>
  <system-out/>
</testsuite> <!-- GoogleHomeworks.A -->
