<?xml version="1.0" encoding="UTF-8"?>
<!-- Generated by org.testng.reporters.JUnitReportReporter -->
<testsuite hostname="DESKTOP-460CLSS" failures="0" tests="4" name="TestNG.OrangeHRMtestcase" time="9.749" errors="0" timestamp="2024-10-26T12:39:02 CDT" skipped="0">
  <testcase classname="TestNG.OrangeHRMtestcase" name="Openapp" time="3.901"/>
  <system-out/>
  <testcase classname="TestNG.OrangeHRMtestcase" name="Testlogo" time="3.100"/>
  <system-out/>
  <testcase classname="TestNG.OrangeHRMtestcase" name="Login" time="2.027"/>
  <system-out/>
  <testcase classname="TestNG.OrangeHRMtestcase" name="Logout" time="0.721"/>
  <system-out/>
</testsuite> <!-- TestNG.OrangeHRMtestcase -->
