<?xml version="1.0" encoding="UTF-8"?>
<!-- Generated by org.testng.reporters.JUnitReportReporter -->
<testsuite hostname="DESKTOP-460CLSS" failures="0" tests="1" name="GoogleHomeworks.A1" time="19.159" errors="0" timestamp="2025-01-09T14:51:53 CST" skipped="0">
  <testcase classname="GoogleHomeworks.A1" name="A1" time="19.159"/>
  <system-out/>
</testsuite> <!-- GoogleHomeworks.A1 -->
