<?xml version="1.0" encoding="UTF-8"?>
<!-- Generated by org.testng.reporters.JUnitReportReporter -->
<testsuite hostname="DESKTOP-460CLSS" failures="0" tests="2" name="DatePickerPractice.E" time="25.918" errors="0" timestamp="2025-01-08T08:52:03 CST" skipped="0">
  <testcase classname="DatePickerPractice.E" name="B" time="18.028"/>
  <system-out/>
  <testcase classname="DatePickerPractice.E" name="A" time="7.890"/>
  <system-out/>
</testsuite> <!-- DatePickerPractice.E -->
