<?xml version="1.0" encoding="UTF-8"?>
<!-- Generated by org.testng.reporters.JUnitReportReporter -->
<testsuite hostname="DESKTOP-460CLSS" failures="0" tests="3" name="TestNG.Uma_1" time="3.840" errors="0" timestamp="2024-10-26T12:25:08 CDT" skipped="0">
  <testcase classname="TestNG.Uma_1" name="Openurl" time="3.236"/>
  <system-out/>
  <testcase classname="TestNG.Uma_1" name="Checklogo" time="0.087"/>
  <system-out/>
  <testcase classname="TestNG.Uma_1" name="Logout" time="0.517"/>
  <system-out/>
</testsuite> <!-- TestNG.Uma_1 -->
