<?xml version="1.0" encoding="UTF-8"?>
<!-- Generated by org.testng.reporters.JUnitReportReporter -->
<testsuite hostname="DESKTOP-460CLSS" failures="0" tests="3" name="GoogleHomeworks.Z" time="36.439" errors="0" timestamp="2024-12-13T16:46:21 CST" skipped="0">
  <testcase classname="GoogleHomeworks.Z" name="A" time="7.872"/>
  <system-out/>
  <testcase classname="GoogleHomeworks.Z" name="B" time="15.751"/>
  <system-out/>
  <testcase classname="GoogleHomeworks.Z" name="C" time="12.816"/>
  <system-out/>
</testsuite> <!-- GoogleHomeworks.Z -->
