<?xml version="1.0" encoding="UTF-8"?>
<!-- Generated by org.testng.reporters.JUnitReportReporter -->
<testsuite hostname="DESKTOP-460CLSS" failures="0" tests="4" name="TestNG.OrangeHRMtestcase" time="13.355" errors="0" timestamp="2024-10-25T10:39:44 CDT" skipped="0">
  <testcase classname="TestNG.OrangeHRMtestcase" name="openapp" time="7.760"/>
  <system-out/>
  <testcase classname="TestNG.OrangeHRMtestcase" name="testlogo" time="3.162"/>
  <system-out/>
  <testcase classname="TestNG.OrangeHRMtestcase" name="login" time="0.537"/>
  <system-out/>
  <testcase classname="TestNG.OrangeHRMtestcase" name="Close" time="1.896"/>
  <system-out/>
</testsuite> <!-- TestNG.OrangeHRMtestcase -->
