<?xml version="1.0" encoding="UTF-8"?>
<!-- Generated by org.testng.reporters.JUnitReportReporter -->
<testsuite hostname="DESKTOP-460CLSS" failures="0" tests="3" name="GoogleHomeworks.O" time="34.487" errors="0" timestamp="2025-01-08T08:36:23 CST" skipped="0">
  <testcase classname="GoogleHomeworks.O" name="A" time="7.515"/>
  <system-out/>
  <testcase classname="GoogleHomeworks.O" name="B" time="11.564"/>
  <system-out/>
  <testcase classname="GoogleHomeworks.O" name="C" time="15.408"/>
  <system-out/>
</testsuite> <!-- GoogleHomeworks.O -->
