<?xml version="1.0" encoding="UTF-8"?>
<!-- Generated by org.testng.reporters.JUnitReportReporter -->
<testsuite hostname="DESKTOP-460CLSS" failures="0" tests="1" name="GoogleHomeworks.D1" time="11.796" errors="0" timestamp="2024-11-07T08:57:34 CST" skipped="0">
  <testcase classname="GoogleHomeworks.D1" name="fD1" time="11.796"/>
  <system-out/>
</testsuite> <!-- GoogleHomeworks.D1 -->
