<?xml version="1.0" encoding="UTF-8"?>
<!-- Generated by org.testng.reporters.JUnitReportReporter -->
<testsuite hostname="DESKTOP-460CLSS" failures="0" tests="3" name="GoogleHomeworks.C" time="41.753" errors="0" timestamp="2024-12-18T11:16:51 CST" skipped="0">
  <testcase classname="GoogleHomeworks.C" name="A" time="6.883"/>
  <system-out/>
  <testcase classname="GoogleHomeworks.C" name="B" time="17.401"/>
  <system-out/>
  <testcase classname="GoogleHomeworks.C" name="C" time="17.469"/>
  <system-out/>
</testsuite> <!-- GoogleHomeworks.C -->
