<?xml version="1.0" encoding="UTF-8"?>
<!-- Generated by org.testng.reporters.JUnitReportReporter -->
<testsuite hostname="DESKTOP-460CLSS" failures="0" tests="1" name="GoogleHomeworks.B1" time="7.240" errors="0" timestamp="2024-11-16T10:33:47 CST" skipped="0">
  <testcase classname="GoogleHomeworks.B1" name="b1" time="7.240"/>
  <system-out/>
</testsuite> <!-- GoogleHomeworks.B1 -->
