<?xml version="1.0" encoding="UTF-8"?>
<!-- Generated by org.testng.reporters.JUnitReportReporter -->
<testsuite hostname="DESKTOP-460CLSS" failures="0" tests="2" name="DatePickerPractice.A" time="17.849" errors="0" timestamp="2024-12-17T14:58:07 CST" skipped="0">
  <testcase classname="DatePickerPractice.A" name="launchapplication" time="6.816"/>
  <system-out/>
  <testcase classname="DatePickerPractice.A" name="A" time="11.033"/>
  <system-out/>
</testsuite> <!-- DatePickerPractice.A -->
