<?xml version="1.0" encoding="UTF-8"?>
<!-- Generated by org.testng.reporters.JUnitReportReporter -->
<testsuite hostname="DESKTOP-460CLSS" failures="0" tests="3" name="GoogleHomeworks.E1" time="51.909" errors="0" timestamp="2025-01-24T12:35:42 CST" skipped="0">
  <testcase classname="GoogleHomeworks.E1" name="A" time="12.084"/>
  <system-out/>
  <testcase classname="GoogleHomeworks.E1" name="B" time="19.397"/>
  <system-out/>
  <testcase classname="GoogleHomeworks.E1" name="C" time="20.428"/>
  <system-out/>
</testsuite> <!-- GoogleHomeworks.E1 -->
