<?xml version="1.0" encoding="UTF-8"?>
<!-- Generated by org.testng.reporters.JUnitReportReporter -->
<testsuite hostname="DESKTOP-460CLSS" failures="0" tests="3" name="GoogleHomeworks.N" time="35.977" errors="0" timestamp="2025-01-08T08:36:23 CST" skipped="0">
  <testcase classname="GoogleHomeworks.N" name="A" time="7.840"/>
  <system-out/>
  <testcase classname="GoogleHomeworks.N" name="B" time="12.647"/>
  <system-out/>
  <testcase classname="GoogleHomeworks.N" name="C" time="15.490"/>
  <system-out/>
</testsuite> <!-- GoogleHomeworks.N -->
