<?xml version="1.0" encoding="UTF-8"?>
<!-- Generated by org.testng.reporters.JUnitReportReporter -->
<testsuite hostname="DESKTOP-460CLSS" failures="0" tests="2" name="GoogleHomeworks.B1" time="28.269" errors="0" timestamp="2025-01-11T16:31:33 CST" skipped="0">
  <testcase classname="GoogleHomeworks.B1" name="A" time="9.238"/>
  <system-out/>
  <testcase classname="GoogleHomeworks.B1" name="B" time="19.031"/>
  <system-out/>
</testsuite> <!-- GoogleHomeworks.B1 -->
