<?xml version="1.0" encoding="UTF-8"?>
<!-- Generated by org.testng.reporters.JUnitReportReporter -->
<testsuite hostname="DESKTOP-460CLSS" failures="0" tests="1" name="GoogleHomeworks.Cc1" time="14.654" errors="0" timestamp="2024-11-06T09:05:09 CST" skipped="0">
  <testcase classname="GoogleHomeworks.Cc1" name="f" time="14.654"/>
  <system-out/>
</testsuite> <!-- GoogleHomeworks.Cc1 -->
