<?xml version="1.0" encoding="UTF-8"?>
<!-- Generated by org.testng.reporters.JUnitReportReporter -->
<testsuite hostname="DESKTOP-460CLSS" failures="0" tests="4" name="TestNG_Classwork.OrangeHRMTest" time="10.015" errors="0" timestamp="2024-10-24T15:10:58 CDT" skipped="0">
  <testcase classname="TestNG_Classwork.OrangeHRMTest" name="openapp" time="5.419"/>
  <system-out/>
  <testcase classname="TestNG_Classwork.OrangeHRMTest" name="testlogo" time="3.217"/>
  <system-out/>
  <testcase classname="TestNG_Classwork.OrangeHRMTest" name="login" time="0.507"/>
  <system-out/>
  <testcase classname="TestNG_Classwork.OrangeHRMTest" name="Close" time="0.872"/>
  <system-out/>
</testsuite> <!-- TestNG_Classwork.OrangeHRMTest -->
