<?xml version="1.0" encoding="UTF-8"?>
<!-- Generated by org.testng.reporters.JUnitReportReporter -->
<testsuite hostname="DESKTOP-460CLSS" failures="0" tests="3" name="GoogleHomeworks.F" time="38.807" errors="0" timestamp="2024-12-21T14:57:05 CST" skipped="0">
  <testcase classname="GoogleHomeworks.F" name="A" time="10.572"/>
  <system-out/>
  <testcase classname="GoogleHomeworks.F" name="B" time="13.575"/>
  <system-out/>
  <testcase classname="GoogleHomeworks.F" name="C" time="14.660"/>
  <system-out/>
</testsuite> <!-- GoogleHomeworks.F -->
