<?xml version="1.0" encoding="UTF-8"?>
<!-- Generated by org.testng.reporters.JUnitReportReporter -->
<testsuite hostname="DESKTOP-460CLSS" failures="0" tests="2" name="DatePickerPractice.B" time="20.312" errors="0" timestamp="2024-12-17T14:51:39 CST" skipped="0">
  <testcase classname="DatePickerPractice.B" name="A" time="7.023"/>
  <system-out/>
  <testcase classname="DatePickerPractice.B" name="B" time="13.289"/>
  <system-out/>
</testsuite> <!-- DatePickerPractice.B -->
