<?xml version="1.0" encoding="UTF-8"?>
<!-- Generated by org.testng.reporters.JUnitReportReporter -->
<testsuite hostname="DESKTOP-460CLSS" failures="0" tests="3" name="TestNG.Firsttestcase" time="0.027" errors="0" timestamp="2024-10-24T19:07:20 CDT" skipped="0">
  <testcase classname="TestNG.Firsttestcase" name="Openapp" time="0.019"/>
  <system-out/>
  <testcase classname="TestNG.Firsttestcase" name="Login" time="0.004"/>
  <system-out/>
  <testcase classname="TestNG.Firsttestcase" name="Logout" time="0.004"/>
  <system-out/>
</testsuite> <!-- TestNG.Firsttestcase -->
