<?xml version="1.0" encoding="UTF-8"?>
<!-- Generated by org.testng.reporters.JUnitReportReporter -->
<testsuite hostname="DESKTOP-460CLSS" failures="0" tests="1" name="GoogleHomeworks.K" time="22.509" errors="0" timestamp="2024-11-24T13:11:34 CST" skipped="0">
  <testcase classname="GoogleHomeworks.K" name="K" time="22.509"/>
  <system-out/>
</testsuite> <!-- GoogleHomeworks.K -->
