<?xml version="1.0" encoding="UTF-8"?>
<!-- Generated by org.testng.reporters.JUnitReportReporter -->
<testsuite hostname="DESKTOP-460CLSS" failures="0" tests="2" name="DatePickerPractice.A" time="25.189" errors="0" timestamp="2025-01-24T12:35:42 CST" skipped="0">
  <testcase classname="DatePickerPractice.A" name="launchapplication" time="10.651"/>
  <system-out/>
  <testcase classname="DatePickerPractice.A" name="A" time="14.538"/>
  <system-out/>
</testsuite> <!-- DatePickerPractice.A -->
