<?xml version="1.0" encoding="UTF-8"?>
<!-- Generated by org.testng.reporters.JUnitReportReporter -->
<testsuite hostname="DESKTOP-460CLSS" failures="0" tests="1" name="Classwork.iframe" time="25.838" errors="0" timestamp="2025-01-24T12:35:42 CST" skipped="0">
  <testcase classname="Classwork.iframe" name="f" time="25.838"/>
  <system-out/>
</testsuite> <!-- Classwork.iframe -->
