<?xml version="1.0" encoding="UTF-8"?>
<!-- Generated by org.testng.reporters.JUnitReportReporter -->
<testsuite hostname="DESKTOP-460CLSS" failures="0" tests="3" name="GoogleHomeworks.I" time="44.658" errors="0" timestamp="2025-01-08T08:36:23 CST" skipped="0">
  <testcase classname="GoogleHomeworks.I" name="A" time="7.980"/>
  <system-out/>
  <testcase classname="GoogleHomeworks.I" name="B" time="21.503"/>
  <system-out/>
  <testcase classname="GoogleHomeworks.I" name="C" time="15.175"/>
  <system-out/>
</testsuite> <!-- GoogleHomeworks.I -->
