<?xml version="1.0" encoding="UTF-8"?>
<!-- Generated by org.testng.reporters.JUnitReportReporter -->
<testsuite hostname="DESKTOP-460CLSS" failures="0" tests="2" name="DatePickerPractice.F" time="33.290" errors="0" timestamp="2025-01-08T08:52:04 CST" skipped="0">
  <testcase classname="DatePickerPractice.F" name="A" time="6.451"/>
  <system-out/>
  <testcase classname="DatePickerPractice.F" name="B" time="26.839"/>
  <system-out/>
</testsuite> <!-- DatePickerPractice.F -->
