<?xml version="1.0" encoding="UTF-8"?>
<!-- Generated by org.testng.reporters.JUnitReportReporter -->
<testsuite hostname="DESKTOP-460CLSS" failures="0" tests="1" name="DatePickerPractice.C" time="17.486" errors="0" timestamp="2025-01-08T08:52:03 CST" skipped="0">
  <testcase classname="DatePickerPractice.C" name="A" time="17.486"/>
  <system-out/>
</testsuite> <!-- DatePickerPractice.C -->
