<?xml version="1.0" encoding="UTF-8"?>
<!-- Generated by org.testng.reporters.JUnitReportReporter -->
<testsuite hostname="DESKTOP-460CLSS" failures="0" tests="3" name="GoogleHomeworks.E" time="42.547" errors="0" timestamp="2025-01-08T08:36:23 CST" skipped="0">
  <testcase classname="GoogleHomeworks.E" name="A" time="9.871"/>
  <system-out/>
  <testcase classname="GoogleHomeworks.E" name="B" time="13.031"/>
  <system-out/>
  <testcase classname="GoogleHomeworks.E" name="C" time="19.645"/>
  <system-out/>
</testsuite> <!-- GoogleHomeworks.E -->
