<?xml version="1.0" encoding="UTF-8"?>
<!-- Generated by org.testng.reporters.JUnitReportReporter -->
<testsuite hostname="DESKTOP-460CLSS" failures="0" tests="1" name="GoogleHomeworks.U1" time="9.410" errors="0" timestamp="2024-11-16T10:33:47 CST" skipped="0">
  <testcase classname="GoogleHomeworks.U1" name="A1" time="9.410"/>
  <system-out/>
</testsuite> <!-- GoogleHomeworks.U1 -->
