<?xml version="1.0" encoding="UTF-8"?>
<!-- Generated by org.testng.reporters.JUnitReportReporter -->
<testsuite hostname="DESKTOP-460CLSS" failures="0" tests="1" name="GoogleHomeworks.E" time="12.112" errors="0" timestamp="2024-11-22T15:44:20 CST" skipped="0">
  <testcase classname="GoogleHomeworks.E" name="fE" time="12.112"/>
  <system-out/>
</testsuite> <!-- GoogleHomeworks.E -->
