<?xml version="1.0" encoding="UTF-8"?>
<!-- Generated by org.testng.reporters.JUnitReportReporter -->
<testsuite hostname="DESKTOP-460CLSS" failures="0" tests="3" name="GoogleHomeworks.F" time="36.849" errors="0" timestamp="2025-01-08T08:36:23 CST" skipped="0">
  <testcase classname="GoogleHomeworks.F" name="A" time="9.336"/>
  <system-out/>
  <testcase classname="GoogleHomeworks.F" name="B" time="13.081"/>
  <system-out/>
  <testcase classname="GoogleHomeworks.F" name="C" time="14.432"/>
  <system-out/>
</testsuite> <!-- GoogleHomeworks.F -->
