<?xml version="1.0" encoding="UTF-8"?>
<!-- Generated by org.testng.reporters.JUnitReportReporter -->
<testsuite hostname="DESKTOP-460CLSS" failures="0" tests="2" name="GoogleHomeworks.T" time="27.554" errors="0" timestamp="2024-12-07T15:35:56 CST" skipped="0">
  <testcase classname="GoogleHomeworks.T" name="A" time="8.981"/>
  <system-out/>
  <testcase classname="GoogleHomeworks.T" name="B" time="18.573"/>
  <system-out/>
</testsuite> <!-- GoogleHomeworks.T -->
