<?xml version="1.0" encoding="UTF-8"?>
<!-- Generated by org.testng.reporters.JUnitReportReporter -->
<testsuite hostname="DESKTOP-460CLSS" failures="0" tests="1" name="GoogleHomeworks.BbB" time="11.207" errors="0" timestamp="2024-11-13T09:46:05 CST" skipped="0">
  <testcase classname="GoogleHomeworks.BbB" name="f" time="11.207"/>
  <system-out/>
</testsuite> <!-- GoogleHomeworks.BbB -->
