<?xml version="1.0" encoding="UTF-8"?>
<!-- Generated by org.testng.reporters.JUnitReportReporter -->
<testsuite hostname="DESKTOP-460CLSS" failures="0" tests="1" name="Homeworks.U1" time="7.757" errors="0" timestamp="2024-10-28T15:41:27 CDT" skipped="0">
  <testcase classname="Homeworks.U1" name="A1" time="7.757"/>
  <system-out/>
</testsuite> <!-- Homeworks.U1 -->
