<?xml version="1.0" encoding="UTF-8"?>
<!-- Generated by org.testng.reporters.JUnitReportReporter -->
<testsuite hostname="DESKTOP-460CLSS" failures="0" tests="1" name="GoogleHomeworks.U_2" time="8.200" errors="0" timestamp="2024-11-28T13:38:30 CST" skipped="0">
  <testcase classname="GoogleHomeworks.U_2" name="f" time="8.200"/>
  <system-out/>
</testsuite> <!-- GoogleHomeworks.U_2 -->
