<?xml version="1.0" encoding="UTF-8"?>
<!-- Generated by org.testng.reporters.JUnitReportReporter -->
<testsuite hostname="DESKTOP-460CLSS" failures="0" tests="4" name="TestNG.OrangeHRMtestcase" time="7.577" errors="0" timestamp="2024-11-28T12:32:23 CST" skipped="0">
  <testcase classname="TestNG.OrangeHRMtestcase" name="Openapp" time="2.789"/>
  <system-out/>
  <testcase classname="TestNG.OrangeHRMtestcase" name="Testlogo" time="3.094"/>
  <system-out/>
  <testcase classname="TestNG.OrangeHRMtestcase" name="Login" time="1.247"/>
  <system-out/>
  <testcase classname="TestNG.OrangeHRMtestcase" name="Logout" time="0.447"/>
  <system-out/>
</testsuite> <!-- TestNG.OrangeHRMtestcase -->
