<?xml version="1.0" encoding="UTF-8"?>
<!-- Generated by org.testng.reporters.JUnitReportReporter -->
<testsuite hostname="DESKTOP-460CLSS" failures="0" tests="3" name="TestNG.Testautomationpractice" time="5.429" errors="0" timestamp="2024-10-28T13:49:16 CDT" skipped="0">
  <testcase classname="TestNG.Testautomationpractice" name="openurl" time="4.661"/>
  <system-out/>
  <testcase classname="TestNG.Testautomationpractice" name="checklogo" time="0.029"/>
  <system-out/>
  <testcase classname="TestNG.Testautomationpractice" name="close" time="0.739"/>
  <system-out/>
</testsuite> <!-- TestNG.Testautomationpractice -->
