<?xml version="1.0" encoding="UTF-8"?>
<!-- Generated by org.testng.reporters.JUnitReportReporter -->
<testsuite hostname="DESKTOP-460CLSS" failures="0" tests="3" name="GoogleHomeworks.P" time="36.502" errors="0" timestamp="2025-01-08T08:36:23 CST" skipped="0">
  <testcase classname="GoogleHomeworks.P" name="A" time="8.600"/>
  <system-out/>
  <testcase classname="GoogleHomeworks.P" name="B" time="13.546"/>
  <system-out/>
  <testcase classname="GoogleHomeworks.P" name="C" time="14.356"/>
  <system-out/>
</testsuite> <!-- GoogleHomeworks.P -->
