<?xml version="1.0" encoding="UTF-8"?>
<!-- Generated by org.testng.reporters.JUnitReportReporter -->
<testsuite hostname="DESKTOP-460CLSS" failures="0" tests="3" name="GoogleHomeworks.A" time="41.351" errors="0" timestamp="2025-01-08T09:23:46 CST" skipped="0">
  <testcase classname="GoogleHomeworks.A" name="A" time="8.683"/>
  <system-out/>
  <testcase classname="GoogleHomeworks.A" name="B" time="18.553"/>
  <system-out/>
  <testcase classname="GoogleHomeworks.A" name="C" time="14.115"/>
  <system-out/>
</testsuite> <!-- GoogleHomeworks.A -->
