<?xml version="1.0" encoding="UTF-8"?>
<!-- Generated by org.testng.reporters.JUnitReportReporter -->
<testsuite hostname="DESKTOP-460CLSS" failures="0" tests="1" name="DatePickerPractice.C" time="11.637" errors="0" timestamp="2024-12-20T13:32:56 CST" skipped="0">
  <testcase classname="DatePickerPractice.C" name="A" time="11.637"/>
  <system-out/>
</testsuite> <!-- DatePickerPractice.C -->
