<?xml version="1.0" encoding="UTF-8"?>
<!-- Generated by org.testng.reporters.JUnitReportReporter -->
<testsuite hostname="DESKTOP-460CLSS" failures="0" tests="1" name="GoogleHomeworks.Bb1" time="11.509" errors="0" timestamp="2024-11-04T10:13:45 CST" skipped="0">
  <testcase classname="GoogleHomeworks.Bb1" name="fBb1" time="11.509"/>
  <system-out/>
</testsuite> <!-- GoogleHomeworks.Bb1 -->
