<?xml version="1.0" encoding="UTF-8"?>
<!-- Generated by org.testng.reporters.JUnitReportReporter -->
<testsuite hostname="DESKTOP-460CLSS" failures="0" tests="3" name="GoogleHomeworks.Q" time="35.266" errors="0" timestamp="2024-11-30T12:32:40 CST" skipped="0">
  <testcase classname="GoogleHomeworks.Q" name="A" time="12.296"/>
  <system-out/>
  <testcase classname="GoogleHomeworks.Q" name="B" time="11.056"/>
  <system-out/>
  <testcase classname="GoogleHomeworks.Q" name="C" time="11.914"/>
  <system-out/>
</testsuite> <!-- GoogleHomeworks.Q -->
