<?xml version="1.0" encoding="UTF-8"?>
<!-- Generated by org.testng.reporters.JUnitReportReporter -->
<testsuite hostname="DESKTOP-460CLSS" failures="0" tests="4" name="GoogleHomeworks.O" time="36.196" errors="0" timestamp="2024-11-28T13:38:30 CST" skipped="0">
  <testcase classname="GoogleHomeworks.O" name="Testcase1" time="5.426"/>
  <system-out/>
  <testcase classname="GoogleHomeworks.O" name="Testcase2" time="8.600"/>
  <system-out/>
  <testcase classname="GoogleHomeworks.O" name="Testcase3" time="9.108"/>
  <system-out/>
  <testcase classname="GoogleHomeworks.O" name="Testcase4" time="13.062"/>
  <system-out/>
</testsuite> <!-- GoogleHomeworks.O -->
