<?xml version="1.0" encoding="UTF-8"?>
<!-- Generated by org.testng.reporters.JUnitReportReporter -->
<testsuite hostname="DESKTOP-460CLSS" failures="0" tests="3" name="TestNG.Googletestcase" time="3.955" errors="0" timestamp="2024-11-01T15:03:22 CDT" skipped="0">
  <testcase classname="TestNG.Googletestcase" name="Openurl" time="3.277"/>
  <system-out/>
  <testcase classname="TestNG.Googletestcase" name="Checklogo" time="0.118"/>
  <system-out/>
  <testcase classname="TestNG.Googletestcase" name="Logout" time="0.560"/>
  <system-out/>
</testsuite> <!-- TestNG.Googletestcase -->
