<?xml version="1.0" encoding="UTF-8"?>
<!-- Generated by org.testng.reporters.JUnitReportReporter -->
<testsuite hostname="DESKTOP-460CLSS" failures="0" tests="1" name="GoogleHomeworks.NewTest" time="12.283" errors="0" timestamp="2025-01-17T11:24:12 CST" skipped="0">
  <testcase classname="GoogleHomeworks.NewTest" name="f" time="12.283"/>
  <system-out/>
</testsuite> <!-- GoogleHomeworks.NewTest -->
