<?xml version="1.0" encoding="UTF-8"?>
<!-- Generated by org.testng.reporters.JUnitReportReporter -->
<testsuite hostname="DESKTOP-460CLSS" failures="0" tests="3" name="GoogleHomeworks.E" time="37.288" errors="0" timestamp="2024-12-20T10:20:16 CST" skipped="0">
  <testcase classname="GoogleHomeworks.E" name="A" time="10.032"/>
  <system-out/>
  <testcase classname="GoogleHomeworks.E" name="B" time="13.686"/>
  <system-out/>
  <testcase classname="GoogleHomeworks.E" name="C" time="13.570"/>
  <system-out/>
</testsuite> <!-- GoogleHomeworks.E -->
