<?xml version="1.0" encoding="UTF-8"?>
<!-- Generated by org.testng.reporters.JUnitReportReporter -->
<testsuite hostname="DESKTOP-460CLSS" failures="0" tests="1" name="GoogleHomeworks.Dd1" time="12.083" errors="0" timestamp="2024-11-08T09:06:58 CST" skipped="0">
  <testcase classname="GoogleHomeworks.Dd1" name="fDd1" time="12.083"/>
  <system-out/>
</testsuite> <!-- GoogleHomeworks.Dd1 -->
