<?xml version="1.0" encoding="UTF-8"?>
<!-- Generated by org.testng.reporters.JUnitReportReporter -->
<testsuite hostname="DESKTOP-460CLSS" failures="0" tests="2" name="DatePickerPractice.B" time="16.547" errors="0" timestamp="2025-01-08T08:52:04 CST" skipped="0">
  <testcase classname="DatePickerPractice.B" name="A" time="7.281"/>
  <system-out/>
  <testcase classname="DatePickerPractice.B" name="B" time="9.266"/>
  <system-out/>
</testsuite> <!-- DatePickerPractice.B -->
