<?xml version="1.0" encoding="UTF-8"?>
<!-- Generated by org.testng.reporters.JUnitReportReporter -->
<testsuite hostname="DESKTOP-460CLSS" failures="0" tests="2" name="TestNG.Googletestcase" time="5.921" errors="0" timestamp="2024-11-28T12:39:47 CST" skipped="0">
  <testcase classname="TestNG.Googletestcase" name="Openurl" time="5.376"/>
  <system-out/>
  <testcase classname="TestNG.Googletestcase" name="Logout" time="0.545"/>
  <system-out/>
</testsuite> <!-- TestNG.Googletestcase -->
