<?xml version="1.0" encoding="UTF-8"?>
<!-- Generated by org.testng.reporters.JUnitReportReporter -->
<testsuite hostname="DESKTOP-460CLSS" failures="0" tests="3" name="TestNG.Testautomationpractice" time="4.036" errors="0" timestamp="2024-10-28T15:41:27 CDT" skipped="0">
  <testcase classname="TestNG.Testautomationpractice" name="openurl" time="3.335"/>
  <system-out/>
  <testcase classname="TestNG.Testautomationpractice" name="checklogo" time="0.041"/>
  <system-out/>
  <testcase classname="TestNG.Testautomationpractice" name="close" time="0.660"/>
  <system-out/>
</testsuite> <!-- TestNG.Testautomationpractice -->
