<?xml version="1.0" encoding="UTF-8"?>
<!-- Generated by org.testng.reporters.JUnitReportReporter -->
<testsuite hostname="DESKTOP-460CLSS" failures="0" tests="1" name="GoogleHomeworks.A" time="15.293" errors="0" timestamp="2024-11-23T17:53:05 CST" skipped="0">
  <testcase classname="GoogleHomeworks.A" name="Af" time="15.293"/>
  <system-out/>
</testsuite> <!-- GoogleHomeworks.A -->
