<?xml version="1.0" encoding="UTF-8"?>
<!-- Generated by org.testng.reporters.JUnitReportReporter -->
<testsuite hostname="DESKTOP-460CLSS" failures="0" tests="4" name="GoogleHomeworks.P" time="51.738" errors="0" timestamp="2024-11-29T14:39:33 CST" skipped="0">
  <testcase classname="GoogleHomeworks.P" name="A" time="8.439"/>
  <system-out/>
  <testcase classname="GoogleHomeworks.P" name="B" time="10.562"/>
  <system-out/>
  <testcase classname="GoogleHomeworks.P" name="C" time="13.760"/>
  <system-out/>
  <testcase classname="GoogleHomeworks.P" name="D" time="18.977"/>
  <system-out/>
</testsuite> <!-- GoogleHomeworks.P -->
