<?xml version="1.0" encoding="UTF-8"?>
<!-- Generated by org.testng.reporters.JUnitReportReporter -->
<testsuite hostname="DESKTOP-460CLSS" failures="0" tests="2" name="GoogleHomeworks.R" time="25.187" errors="0" timestamp="2024-12-03T13:41:13 CST" skipped="0">
  <testcase classname="GoogleHomeworks.R" name="A" time="7.962"/>
  <system-out/>
  <testcase classname="GoogleHomeworks.R" name="B" time="17.225"/>
  <system-out/>
</testsuite> <!-- GoogleHomeworks.R -->
