<?xml version="1.0" encoding="UTF-8"?>
<!-- Generated by org.testng.reporters.JUnitReportReporter -->
<testsuite hostname="DESKTOP-460CLSS" failures="0" tests="3" name="GoogleHomeworks.L" time="35.248" errors="0" timestamp="2025-01-08T08:36:23 CST" skipped="0">
  <testcase classname="GoogleHomeworks.L" name="A" time="10.385"/>
  <system-out/>
  <testcase classname="GoogleHomeworks.L" name="B" time="12.155"/>
  <system-out/>
  <testcase classname="GoogleHomeworks.L" name="C" time="12.708"/>
  <system-out/>
</testsuite> <!-- GoogleHomeworks.L -->
