<?xml version="1.0" encoding="UTF-8"?>
<!-- Generated by org.testng.reporters.JUnitReportReporter -->
<testsuite hostname="DESKTOP-460CLSS" failures="0" tests="4" name="TestNG.OrangeHRMtestcase" time="14.644" errors="0" timestamp="2024-10-25T18:16:21 CDT" skipped="0">
  <testcase classname="TestNG.OrangeHRMtestcase" name="Openapp" time="8.276"/>
  <system-out/>
  <testcase classname="TestNG.OrangeHRMtestcase" name="Testlogo" time="3.163"/>
  <system-out/>
  <testcase classname="TestNG.OrangeHRMtestcase" name="Login" time="2.167"/>
  <system-out/>
  <testcase classname="TestNG.OrangeHRMtestcase" name="Logout" time="1.038"/>
  <system-out/>
</testsuite> <!-- TestNG.OrangeHRMtestcase -->
