<?xml version="1.0" encoding="UTF-8"?>
<!-- Generated by org.testng.reporters.JUnitReportReporter -->
<testsuite hostname="DESKTOP-460CLSS" failures="0" tests="1" name="GoogleHomeworks.J" time="20.555" errors="0" timestamp="2024-11-23T18:20:11 CST" skipped="0">
  <testcase classname="GoogleHomeworks.J" name="J" time="20.555"/>
  <system-out/>
</testsuite> <!-- GoogleHomeworks.J -->
