<?xml version="1.0" encoding="UTF-8"?>
<!-- Generated by org.testng.reporters.JUnitReportReporter -->
<testsuite hostname="DESKTOP-460CLSS" failures="0" tests="2" name="GoogleHomeworks.S" time="28.949" errors="0" timestamp="2024-12-06T18:35:29 CST" skipped="0">
  <testcase classname="GoogleHomeworks.S" name="A" time="9.882"/>
  <system-out/>
  <testcase classname="GoogleHomeworks.S" name="B" time="19.067"/>
  <system-out/>
</testsuite> <!-- GoogleHomeworks.S -->
