<?xml version="1.0" encoding="UTF-8"?>
<!-- Generated by org.testng.reporters.JUnitReportReporter -->
<testsuite hostname="DESKTOP-460CLSS" failures="0" tests="2" name="DatePickerPractice.H" time="23.229" errors="0" timestamp="2025-01-08T08:52:04 CST" skipped="0">
  <testcase classname="DatePickerPractice.H" name="A" time="7.595"/>
  <system-out/>
  <testcase classname="DatePickerPractice.H" name="B" time="15.634"/>
  <system-out/>
</testsuite> <!-- DatePickerPractice.H -->
