<?xml version="1.0" encoding="UTF-8"?>
<!-- Generated by org.testng.reporters.JUnitReportReporter -->
<testsuite hostname="DESKTOP-460CLSS" failures="0" tests="3" name="GoogleHomeworks.N" time="55.974" errors="0" timestamp="2024-11-27T13:09:18 CST" skipped="0">
  <testcase classname="GoogleHomeworks.N" name="launchApplication" time="6.481"/>
  <system-out/>
  <testcase classname="GoogleHomeworks.N" name="Validate1" time="18.946"/>
  <system-out/>
  <testcase classname="GoogleHomeworks.N" name="Validate2" time="30.547"/>
  <system-out/>
</testsuite> <!-- GoogleHomeworks.N -->
