<?xml version="1.0" encoding="UTF-8"?>
<!-- Generated by org.testng.reporters.JUnitReportReporter -->
<testsuite hostname="DESKTOP-460CLSS" failures="0" tests="4" name="TestNG.OrangeHRMtestcase" time="10.005" errors="0" timestamp="2024-11-01T15:03:22 CDT" skipped="0">
  <testcase classname="TestNG.OrangeHRMtestcase" name="Openapp" time="5.063"/>
  <system-out/>
  <testcase classname="TestNG.OrangeHRMtestcase" name="Testlogo" time="3.096"/>
  <system-out/>
  <testcase classname="TestNG.OrangeHRMtestcase" name="Login" time="1.265"/>
  <system-out/>
  <testcase classname="TestNG.OrangeHRMtestcase" name="Logout" time="0.581"/>
  <system-out/>
</testsuite> <!-- TestNG.OrangeHRMtestcase -->
