<?xml version="1.0" encoding="UTF-8"?>
<!-- Generated by org.testng.reporters.JUnitReportReporter -->
<testsuite hostname="DESKTOP-460CLSS" failures="0" tests="1" name="GoogleHomeworks.L" time="19.887" errors="0" timestamp="2024-11-25T11:16:14 CST" skipped="0">
  <testcase classname="GoogleHomeworks.L" name="Validate" time="19.887"/>
  <system-out/>
</testsuite> <!-- GoogleHomeworks.L -->
