<?xml version="1.0" encoding="UTF-8"?>
<!-- Generated by org.testng.reporters.JUnitReportReporter -->
<testsuite hostname="DESKTOP-460CLSS" failures="0" tests="3" name="TestNG.Testautomationpractice" time="3.840" errors="0" timestamp="2024-11-28T12:32:23 CST" skipped="0">
  <testcase classname="TestNG.Testautomationpractice" name="openurl" time="3.384"/>
  <system-out/>
  <testcase classname="TestNG.Testautomationpractice" name="checklogo" time="0.053"/>
  <system-out/>
  <testcase classname="TestNG.Testautomationpractice" name="close" time="0.403"/>
  <system-out/>
</testsuite> <!-- TestNG.Testautomationpractice -->
