<?xml version="1.0" encoding="UTF-8"?>
<!-- Generated by org.testng.reporters.JUnitReportReporter -->
<testsuite hostname="DESKTOP-460CLSS" failures="0" tests="3" name="GoogleHomeworks.U" time="52.728" errors="0" timestamp="2024-12-07T15:42:39 CST" skipped="0">
  <testcase classname="GoogleHomeworks.U" name="A" time="9.826"/>
  <system-out/>
  <testcase classname="GoogleHomeworks.U" name="B" time="22.325"/>
  <system-out/>
  <testcase classname="GoogleHomeworks.U" name="C" time="20.577"/>
  <system-out/>
</testsuite> <!-- GoogleHomeworks.U -->
