<?xml version="1.0" encoding="UTF-8"?>
<!-- Generated by org.testng.reporters.JUnitReportReporter -->
<testsuite hostname="DESKTOP-460CLSS" failures="0" tests="3" name="TestNG.Testautomationpractice" time="3.826" errors="0" timestamp="2024-11-01T15:03:22 CDT" skipped="0">
  <testcase classname="TestNG.Testautomationpractice" name="openurl" time="3.253"/>
  <system-out/>
  <testcase classname="TestNG.Testautomationpractice" name="checklogo" time="0.068"/>
  <system-out/>
  <testcase classname="TestNG.Testautomationpractice" name="close" time="0.505"/>
  <system-out/>
</testsuite> <!-- TestNG.Testautomationpractice -->
