<?xml version="1.0" encoding="UTF-8"?>
<!-- Generated by org.testng.reporters.JUnitReportReporter -->
<testsuite hostname="DESKTOP-460CLSS" failures="0" tests="3" name="GoogleHomeworks.B" time="44.721" errors="0" timestamp="2024-12-16T10:56:20 CST" skipped="0">
  <testcase classname="GoogleHomeworks.B" name="A" time="9.832"/>
  <system-out/>
  <testcase classname="GoogleHomeworks.B" name="B" time="18.363"/>
  <system-out/>
  <testcase classname="GoogleHomeworks.B" name="C" time="16.526"/>
  <system-out/>
</testsuite> <!-- GoogleHomeworks.B -->
