<?xml version="1.0" encoding="UTF-8"?>
<!-- Generated by org.testng.reporters.JUnitReportReporter -->
<testsuite hostname="DESKTOP-460CLSS" failures="0" tests="3" name="GoogleHomeworks.B" time="52.121" errors="0" timestamp="2025-01-08T08:36:23 CST" skipped="0">
  <testcase classname="GoogleHomeworks.B" name="A" time="9.971"/>
  <system-out/>
  <testcase classname="GoogleHomeworks.B" name="B" time="20.211"/>
  <system-out/>
  <testcase classname="GoogleHomeworks.B" name="C" time="21.939"/>
  <system-out/>
</testsuite> <!-- GoogleHomeworks.B -->
