<?xml version="1.0" encoding="UTF-8"?>
<!-- Generated by org.testng.reporters.JUnitReportReporter -->
<testsuite hostname="DESKTOP-460CLSS" failures="0" tests="1" name="Homeworks.Uma1" time="9.975" errors="0" timestamp="2024-11-01T15:03:22 CDT" skipped="0">
  <testcase classname="Homeworks.Uma1" name="Google" time="9.975"/>
  <system-out/>
</testsuite> <!-- Homeworks.Uma1 -->
