<?xml version="1.0" encoding="UTF-8"?>
<!-- Generated by org.testng.reporters.JUnitReportReporter -->
<testsuite hostname="DESKTOP-460CLSS" failures="0" tests="3" name="GoogleHomeworks.F1" time="51.807" errors="0" timestamp="2025-01-24T12:35:42 CST" skipped="0">
  <testcase classname="GoogleHomeworks.F1" name="A" time="12.557"/>
  <system-out/>
  <testcase classname="GoogleHomeworks.F1" name="B" time="20.287"/>
  <system-out/>
  <testcase classname="GoogleHomeworks.F1" name="C" time="18.963"/>
  <system-out/>
</testsuite> <!-- GoogleHomeworks.F1 -->
