<?xml version="1.0" encoding="UTF-8"?>
<!-- Generated by org.testng.reporters.JUnitReportReporter -->
<testsuite hostname="DESKTOP-460CLSS" failures="0" tests="1" name="GoogleHomeworks.Ee1" time="13.219" errors="0" timestamp="2024-11-10T11:57:52 CST" skipped="0">
  <testcase classname="GoogleHomeworks.Ee1" name="Ee1f" time="13.219"/>
  <system-out/>
</testsuite> <!-- GoogleHomeworks.Ee1 -->
