<?xml version="1.0" encoding="UTF-8"?>
<!-- Generated by org.testng.reporters.JUnitReportReporter -->
<testsuite hostname="DESKTOP-460CLSS" failures="0" tests="3" name="GoogleHomeworks.C1" time="50.799" errors="0" timestamp="2025-01-13T11:38:13 CST" skipped="0">
  <testcase classname="GoogleHomeworks.C1" name="A" time="11.206"/>
  <system-out/>
  <testcase classname="GoogleHomeworks.C1" name="B" time="19.109"/>
  <system-out/>
  <testcase classname="GoogleHomeworks.C1" name="C" time="20.484"/>
  <system-out/>
</testsuite> <!-- GoogleHomeworks.C1 -->
