<?xml version="1.0" encoding="UTF-8"?>
<!-- Generated by org.testng.reporters.JUnitReportReporter -->
<testsuite hostname="DESKTOP-460CLSS" failures="0" tests="3" name="GoogleHomeworks.N" time="32.731" errors="0" timestamp="2024-11-28T12:32:23 CST" skipped="0">
  <testcase classname="GoogleHomeworks.N" name="launchApplication" time="5.171"/>
  <system-out/>
  <testcase classname="GoogleHomeworks.N" name="Validate1" time="10.713"/>
  <system-out/>
  <testcase classname="GoogleHomeworks.N" name="Validate2" time="16.847"/>
  <system-out/>
</testsuite> <!-- GoogleHomeworks.N -->
