<?xml version="1.0" encoding="UTF-8"?>
<!-- Generated by org.testng.reporters.JUnitReportReporter -->
<testsuite hostname="DESKTOP-460CLSS" failures="0" tests="3" name="GoogleHomeworks.X" time="44.232" errors="0" timestamp="2024-12-12T14:33:16 CST" skipped="0">
  <testcase classname="GoogleHomeworks.X" name="A" time="8.479"/>
  <system-out/>
  <testcase classname="GoogleHomeworks.X" name="B" time="21.619"/>
  <system-out/>
  <testcase classname="GoogleHomeworks.X" name="C" time="14.134"/>
  <system-out/>
</testsuite> <!-- GoogleHomeworks.X -->
