<?xml version="1.0" encoding="UTF-8"?>
<!-- Generated by org.testng.reporters.JUnitReportReporter -->
<testsuite hostname="DESKTOP-460CLSS" failures="0" tests="1" name="Homeworks.Uma2" time="14.083" errors="0" timestamp="2024-10-28T10:35:40 CDT" skipped="0">
  <testcase classname="Homeworks.Uma2" name="Google_1" time="14.083"/>
  <system-out/>
</testsuite> <!-- Homeworks.Uma2 -->
