<?xml version="1.0" encoding="UTF-8"?>
<!-- Generated by org.testng.reporters.JUnitReportReporter -->
<testsuite hostname="DESKTOP-460CLSS" failures="0" tests="4" name="TestNG.OrangeHRMtestcase" time="9.836" errors="0" timestamp="2024-10-28T15:41:27 CDT" skipped="0">
  <testcase classname="TestNG.OrangeHRMtestcase" name="Openapp" time="5.084"/>
  <system-out/>
  <testcase classname="TestNG.OrangeHRMtestcase" name="Testlogo" time="3.085"/>
  <system-out/>
  <testcase classname="TestNG.OrangeHRMtestcase" name="Login" time="1.113"/>
  <system-out/>
  <testcase classname="TestNG.OrangeHRMtestcase" name="Logout" time="0.554"/>
  <system-out/>
</testsuite> <!-- TestNG.OrangeHRMtestcase -->
