<?xml version="1.0" encoding="UTF-8"?>
<!-- Generated by org.testng.reporters.JUnitReportReporter -->
<testsuite hostname="DESKTOP-460CLSS" failures="0" tests="1" name="GoogleHomeworks.E1" time="12.549" errors="0" timestamp="2024-11-09T11:27:51 CST" skipped="0">
  <testcase classname="GoogleHomeworks.E1" name="fE1" time="12.549"/>
  <system-out/>
</testsuite> <!-- GoogleHomeworks.E1 -->
