<?xml version="1.0" encoding="UTF-8"?>
<!-- Generated by org.testng.reporters.JUnitReportReporter -->
<testsuite hostname="DESKTOP-460CLSS" failures="0" tests="3" name="TestNG.Testautomationpractice" time="4.398" errors="0" timestamp="2024-10-26T12:39:02 CDT" skipped="0">
  <testcase classname="TestNG.Testautomationpractice" name="openurl" time="3.640"/>
  <system-out/>
  <testcase classname="TestNG.Testautomationpractice" name="checklogo" time="0.115"/>
  <system-out/>
  <testcase classname="TestNG.Testautomationpractice" name="close" time="0.643"/>
  <system-out/>
</testsuite> <!-- TestNG.Testautomationpractice -->
