<?xml version="1.0" encoding="UTF-8"?>
<!-- Generated by org.testng.reporters.JUnitReportReporter -->
<testsuite hostname="DESKTOP-460CLSS" failures="0" tests="1" name="GoogleHomeworks.D" time="13.778" errors="0" timestamp="2024-11-22T15:44:20 CST" skipped="0">
  <testcase classname="GoogleHomeworks.D" name="Df" time="13.778"/>
  <system-out/>
</testsuite> <!-- GoogleHomeworks.D -->
