<?xml version="1.0" encoding="UTF-8"?>
<!-- Generated by org.testng.reporters.JUnitReportReporter -->
<testsuite hostname="DESKTOP-460CLSS" failures="0" tests="3" name="TestNG.Uma" time="6.143" errors="0" timestamp="2024-10-25T18:16:21 CDT" skipped="0">
  <testcase classname="TestNG.Uma" name="openurl" time="5.137"/>
  <system-out/>
  <testcase classname="TestNG.Uma" name="checklogo" time="0.039"/>
  <system-out/>
  <testcase classname="TestNG.Uma" name="close" time="0.967"/>
  <system-out/>
</testsuite> <!-- TestNG.Uma -->
