<?xml version="1.0" encoding="UTF-8"?>
<!-- Generated by org.testng.reporters.JUnitReportReporter -->
<testsuite hostname="DESKTOP-460CLSS" failures="0" tests="1" name="GoogleHomeworks.C1" time="9.738" errors="0" timestamp="2024-11-16T10:33:47 CST" skipped="0">
  <testcase classname="GoogleHomeworks.C1" name="fC1" time="9.738"/>
  <system-out/>
</testsuite> <!-- GoogleHomeworks.C1 -->
