<?xml version="1.0" encoding="UTF-8"?>
<!-- Generated by org.testng.reporters.JUnitReportReporter -->
<testsuite hostname="DESKTOP-460CLSS" failures="0" tests="2" name="DatePickerPractice.G" time="25.334" errors="0" timestamp="2025-01-08T08:52:04 CST" skipped="0">
  <testcase classname="DatePickerPractice.G" name="A" time="7.075"/>
  <system-out/>
  <testcase classname="DatePickerPractice.G" name="B" time="18.259"/>
  <system-out/>
</testsuite> <!-- DatePickerPractice.G -->
