<?xml version="1.0" encoding="UTF-8"?>
<!-- Generated by org.testng.reporters.JUnitReportReporter -->
<testsuite hostname="DESKTOP-460CLSS" failures="0" tests="3" name="TestNG_Classwork.Day1_TestNG_Classwork" time="0.032" errors="0" timestamp="2024-10-24T15:10:59 CDT" skipped="0">
  <testcase classname="TestNG_Classwork.Day1_TestNG_Classwork" name="Openapp" time="0.026"/>
  <system-out/>
  <testcase classname="TestNG_Classwork.Day1_TestNG_Classwork" name="Login" time="0.003"/>
  <system-out/>
  <testcase classname="TestNG_Classwork.Day1_TestNG_Classwork" name="Logout" time="0.003"/>
  <system-out/>
</testsuite> <!-- TestNG_Classwork.Day1_TestNG_Classwork -->
