<?xml version="1.0" encoding="UTF-8"?>
<!-- Generated by org.testng.reporters.JUnitReportReporter -->
<testsuite hostname="DESKTOP-460CLSS" failures="0" tests="1" name="GoogleHomeworks.iframe" time="21.275" errors="0" timestamp="2024-12-05T08:55:34 CST" skipped="0">
  <testcase classname="GoogleHomeworks.iframe" name="f" time="21.275"/>
  <system-out/>
</testsuite> <!-- GoogleHomeworks.iframe -->
