<?xml version="1.0" encoding="UTF-8"?>
<!-- Generated by org.testng.reporters.JUnitReportReporter -->
<testsuite hostname="DESKTOP-460CLSS" failures="0" tests="1" name="GoogleHomeworks.AaA" time="15.966" errors="0" timestamp="2024-11-12T09:53:20 CST" skipped="0">
  <testcase classname="GoogleHomeworks.AaA" name="AaAf" time="15.966"/>
  <system-out/>
</testsuite> <!-- GoogleHomeworks.AaA -->
