<?xml version="1.0" encoding="UTF-8"?>
<!-- Generated by org.testng.reporters.JUnitReportReporter -->
<testsuite hostname="DESKTOP-460CLSS" failures="0" tests="3" name="GoogleHomeworks.G" time="40.231" errors="0" timestamp="2025-01-08T08:36:23 CST" skipped="0">
  <testcase classname="GoogleHomeworks.G" name="A" time="8.173"/>
  <system-out/>
  <testcase classname="GoogleHomeworks.G" name="B" time="14.800"/>
  <system-out/>
  <testcase classname="GoogleHomeworks.G" name="C" time="17.258"/>
  <system-out/>
</testsuite> <!-- GoogleHomeworks.G -->
