<?xml version="1.0" encoding="UTF-8"?>
<!-- Generated by org.testng.reporters.JUnitReportReporter -->
<testsuite hostname="DESKTOP-460CLSS" failures="0" tests="1" name="GoogleHomeworks.L" time="11.212" errors="0" timestamp="2024-11-28T12:32:23 CST" skipped="0">
  <testcase classname="GoogleHomeworks.L" name="Validate" time="11.212"/>
  <system-out/>
</testsuite> <!-- GoogleHomeworks.L -->
