<?xml version="1.0" encoding="UTF-8"?>
<!-- Generated by org.testng.reporters.JUnitReportReporter -->
<testsuite hostname="DESKTOP-460CLSS" failures="0" tests="1" name="Homeworks.Aa1" time="10.799" errors="0" timestamp="2024-11-03T11:33:02 CST" skipped="0">
  <testcase classname="Homeworks.Aa1" name="Aa" time="10.799"/>
  <system-out/>
</testsuite> <!-- Homeworks.Aa1 -->
