<?xml version="1.0" encoding="UTF-8"?>
<!-- Generated by org.testng.reporters.JUnitReportReporter -->
<testsuite hostname="DESKTOP-460CLSS" failures="0" tests="3" name="GoogleHomeworks.J" time="34.806" errors="0" timestamp="2025-01-08T08:36:23 CST" skipped="0">
  <testcase classname="GoogleHomeworks.J" name="A" time="7.570"/>
  <system-out/>
  <testcase classname="GoogleHomeworks.J" name="B" time="11.070"/>
  <system-out/>
  <testcase classname="GoogleHomeworks.J" name="C" time="16.166"/>
  <system-out/>
</testsuite> <!-- GoogleHomeworks.J -->
