<?xml version="1.0" encoding="UTF-8"?>
<!-- Generated by org.testng.reporters.JUnitReportReporter -->
<testsuite hostname="DESKTOP-460CLSS" failures="0" tests="3" name="GoogleHomeworks.V" time="64.534" errors="0" timestamp="2024-12-08T15:41:37 CST" skipped="0">
  <testcase classname="GoogleHomeworks.V" name="A" time="13.442"/>
  <system-out/>
  <testcase classname="GoogleHomeworks.V" name="B" time="24.328"/>
  <system-out/>
  <testcase classname="GoogleHomeworks.V" name="C" time="26.764"/>
  <system-out/>
</testsuite> <!-- GoogleHomeworks.V -->
