<?xml version="1.0" encoding="UTF-8"?>
<!-- Generated by org.testng.reporters.JUnitReportReporter -->
<testsuite hostname="DESKTOP-460CLSS" failures="0" tests="3" name="Classwork.Day2_TestNG_Classwork" time="0.027" errors="0" timestamp="2024-10-24T10:36:08 CDT" skipped="0">
  <testcase classname="Classwork.Day2_TestNG_Classwork" name="Openapp" time="0.020"/>
  <system-out/>
  <testcase classname="Classwork.Day2_TestNG_Classwork" name="Login" time="0.003"/>
  <system-out/>
  <testcase classname="Classwork.Day2_TestNG_Classwork" name="Logout" time="0.004"/>
  <system-out/>
</testsuite> <!-- Classwork.Day2_TestNG_Classwork -->
