<?xml version="1.0" encoding="UTF-8"?>
<!-- Generated by org.testng.reporters.JUnitReportReporter -->
<testsuite hostname="DESKTOP-460CLSS" failures="0" tests="3" name="GoogleHomeworks.G1" time="46.929" errors="0" timestamp="2025-01-24T12:35:42 CST" skipped="0">
  <testcase classname="GoogleHomeworks.G1" name="B" time="15.593"/>
  <system-out/>
  <testcase classname="GoogleHomeworks.G1" name="A" time="13.009"/>
  <system-out/>
  <testcase classname="GoogleHomeworks.G1" name="C" time="18.327"/>
  <system-out/>
</testsuite> <!-- GoogleHomeworks.G1 -->
