<?xml version="1.0" encoding="UTF-8"?>
<!-- Generated by org.testng.reporters.JUnitReportReporter -->
<testsuite hostname="DESKTOP-460CLSS" failures="0" tests="1" name="Homeworks.Uma1" time="10.305" errors="0" timestamp="2024-10-28T13:49:16 CDT" skipped="0">
  <testcase classname="Homeworks.Uma1" name="Google" time="10.305"/>
  <system-out/>
</testsuite> <!-- Homeworks.Uma1 -->
