<?xml version="1.0" encoding="UTF-8"?>
<!-- Generated by org.testng.reporters.JUnitReportReporter -->
<testsuite hostname="DESKTOP-460CLSS" failures="0" tests="3" name="GoogleHomeworks.D1" time="52.401" errors="0" timestamp="2025-01-15T14:41:10 CST" skipped="0">
  <testcase classname="GoogleHomeworks.D1" name="A" time="13.635"/>
  <system-out/>
  <testcase classname="GoogleHomeworks.D1" name="B" time="20.332"/>
  <system-out/>
  <testcase classname="GoogleHomeworks.D1" name="C" time="18.434"/>
  <system-out/>
</testsuite> <!-- GoogleHomeworks.D1 -->
