<?xml version="1.0" encoding="UTF-8"?>
<!-- Generated by org.testng.reporters.JUnitReportReporter -->
<testsuite hostname="DESKTOP-460CLSS" failures="0" tests="4" name="TestNG.OrangeHRMtestcase" time="9.199" errors="0" timestamp="2024-10-26T12:39:57 CDT" skipped="0">
  <testcase classname="TestNG.OrangeHRMtestcase" name="Openapp" time="4.386"/>
  <testcase classname="TestNG.OrangeHRMtestcase" name="Testlogo" time="3.108"/>
  <testcase classname="TestNG.OrangeHRMtestcase" name="Login" time="1.132"/>
  <testcase classname="TestNG.OrangeHRMtestcase" name="Logout" time="0.573"/>
</testsuite> <!-- TestNG.OrangeHRMtestcase -->
