<?xml version="1.0" encoding="UTF-8"?>
<!-- Generated by org.testng.reporters.JUnitReportReporter -->
<testsuite hostname="DESKTOP-460CLSS" failures="0" tests="4" name="TestNG.OrangeHRMtestcase" time="14.070" errors="0" timestamp="2024-10-25T12:05:34 CDT" skipped="0">
  <testcase classname="TestNG.OrangeHRMtestcase" name="openapp" time="8.409"/>
  <testcase classname="TestNG.OrangeHRMtestcase" name="testlogo" time="3.147"/>
  <testcase classname="TestNG.OrangeHRMtestcase" name="login" time="1.298"/>
  <testcase classname="TestNG.OrangeHRMtestcase" name="Close" time="1.216"/>
</testsuite> <!-- TestNG.OrangeHRMtestcase -->
