<?xml version="1.0" encoding="UTF-8"?>
<!-- Generated by org.testng.reporters.JUnitReportReporter -->
<testsuite hostname="DESKTOP-460CLSS" failures="0" tests="4" name="TestNG.OrangeHRMtestcase" time="9.903" errors="0" timestamp="2024-10-28T15:40:12 CDT" skipped="0">
  <testcase classname="TestNG.OrangeHRMtestcase" name="Openapp" time="5.099"/>
  <testcase classname="TestNG.OrangeHRMtestcase" name="Testlogo" time="3.077"/>
  <testcase classname="TestNG.OrangeHRMtestcase" name="Login" time="1.061"/>
  <testcase classname="TestNG.OrangeHRMtestcase" name="Logout" time="0.666"/>
</testsuite> <!-- TestNG.OrangeHRMtestcase -->
