<?xml version="1.0" encoding="UTF-8"?>
<!-- Generated by org.testng.reporters.JUnitReportReporter -->
<testsuite hostname="DESKTOP-460CLSS" failures="0" tests="3" name="TestNG.Firsttestcase" time="0.012" errors="0" timestamp="2024-10-25T12:05:34 CDT" skipped="0">
  <testcase classname="TestNG.Firsttestcase" name="Openapp" time="0.010"/>
  <testcase classname="TestNG.Firsttestcase" name="Login" time="0.001"/>
  <testcase classname="TestNG.Firsttestcase" name="Logout" time="0.001"/>
</testsuite> <!-- TestNG.Firsttestcase -->
