<?xml version="1.0" encoding="UTF-8"?>
<!-- Generated by org.testng.reporters.JUnitReportReporter -->
<testsuite hostname="DESKTOP-460CLSS" failures="0" tests="4" name="TestNG.OrangeHRMtestcase" time="10.816" errors="0" timestamp="2024-11-01T15:07:17 CDT" skipped="0">
  <testcase classname="TestNG.OrangeHRMtestcase" name="Openapp" time="5.730"/>
  <testcase classname="TestNG.OrangeHRMtestcase" name="Testlogo" time="3.116"/>
  <testcase classname="TestNG.OrangeHRMtestcase" name="Login" time="1.299"/>
  <testcase classname="TestNG.OrangeHRMtestcase" name="Logout" time="0.671"/>
</testsuite> <!-- TestNG.OrangeHRMtestcase -->
