<?xml version="1.0" encoding="UTF-8"?>
<!-- Generated by org.testng.reporters.JUnitReportReporter -->
<testsuite hostname="DESKTOP-460CLSS" failures="0" tests="4" name="TestNG.OrangeHRMtestcase" time="9.885" errors="0" timestamp="2024-10-26T19:21:33 CDT" skipped="0">
  <testcase classname="TestNG.OrangeHRMtestcase" name="Openapp" time="4.802"/>
  <testcase classname="TestNG.OrangeHRMtestcase" name="Testlogo" time="3.129"/>
  <testcase classname="TestNG.OrangeHRMtestcase" name="Login" time="1.182"/>
  <testcase classname="TestNG.OrangeHRMtestcase" name="Logout" time="0.772"/>
</testsuite> <!-- TestNG.OrangeHRMtestcase -->
